This is pdfTeX, Version 3.141592653-2.6-1.40.25 (TeX Live 2023) (preloaded format=pdflatex 2023.6.17)  14 JUL 2025 22:23
entering extended mode
 restricted \write18 enabled.
 %&-line parsing enabled.
**raw.tex
(./raw.tex
LaTeX2e <2022-11-01> patch level 1
L3 programming layer <2023-02-22> (/usr/local/texlive/2023/texmf-dist/tex/latex
/base/article.cls
Document Class: article 2022/07/02 v1.4n Standard LaTeX document class
(/usr/local/texlive/2023/texmf-dist/tex/latex/base/size10.clo
File: size10.clo 2022/07/02 v1.4n Standard LaTeX file (size option)
)
\c@part=\count185
\c@section=\count186
\c@subsection=\count187
\c@subsubsection=\count188
\c@paragraph=\count189
\c@subparagraph=\count190
\c@figure=\count191
\c@table=\count192
\abovecaptionskip=\skip48
\belowcaptionskip=\skip49
\bibindent=\dimen140
) (/usr/local/texlive/2023/texmf-dist/tex/latex/xcolor/xcolor.sty
Package: xcolor 2022/06/12 v2.14 LaTeX color extensions (UK)
(/usr/local/texlive/2023/texmf-dist/tex/latex/graphics-cfg/color.cfg
File: color.cfg 2016/01/02 v1.6 sample color configuration
)
Package xcolor Info: Driver file: pdftex.def on input line 227.
(/usr/local/texlive/2023/texmf-dist/tex/latex/graphics-def/pdftex.def
File: pdftex.def 2022/09/22 v1.2b Graphics/color driver for pdftex
) (/usr/local/texlive/2023/texmf-dist/tex/latex/graphics/mathcolor.ltx)
Package xcolor Info: Model `cmy' substituted by `cmy0' on input line 1353.
Package xcolor Info: Model `hsb' substituted by `rgb' on input line 1357.
Package xcolor Info: Model `RGB' extended on input line 1369.
Package xcolor Info: Model `HTML' substituted by `rgb' on input line 1371.
Package xcolor Info: Model `Hsb' substituted by `hsb' on input line 1372.
Package xcolor Info: Model `tHsb' substituted by `hsb' on input line 1373.
Package xcolor Info: Model `HSB' substituted by `hsb' on input line 1374.
Package xcolor Info: Model `Gray' substituted by `gray' on input line 1375.
Package xcolor Info: Model `wave' substituted by `hsb' on input line 1376.
) (/usr/local/texlive/2023/texmf-dist/tex/latex/geometry/geometry.sty
Package: geometry 2020/01/02 v5.9 Page Geometry
(/usr/local/texlive/2023/texmf-dist/tex/latex/graphics/keyval.sty
Package: keyval 2022/05/29 v1.15 key=value parser (DPC)
\KV@toks@=\toks16
) (/usr/local/texlive/2023/texmf-dist/tex/generic/iftex/ifvtex.sty
Package: ifvtex 2019/10/25 v1.7 ifvtex legacy package. Use iftex instead.
(/usr/local/texlive/2023/texmf-dist/tex/generic/iftex/iftex.sty
Package: iftex 2022/02/03 v1.0f TeX engine tests
))
\Gm@cnth=\count193
\Gm@cntv=\count194
\c@Gm@tempcnt=\count195
\Gm@bindingoffset=\dimen141
\Gm@wd@mp=\dimen142
\Gm@odd@mp=\dimen143
\Gm@even@mp=\dimen144
\Gm@layoutwidth=\dimen145
\Gm@layoutheight=\dimen146
\Gm@layouthoffset=\dimen147
\Gm@layoutvoffset=\dimen148
\Gm@dimlist=\toks17
) (/usr/local/texlive/2023/texmf-dist/tex/latex/amsmath/amsmath.sty
Package: amsmath 2022/04/08 v2.17n AMS math features
\@mathmargin=\skip50
For additional information on amsmath, use the `?' option.
(/usr/local/texlive/2023/texmf-dist/tex/latex/amsmath/amstext.sty
Package: amstext 2021/08/26 v2.01 AMS text
(/usr/local/texlive/2023/texmf-dist/tex/latex/amsmath/amsgen.sty
File: amsgen.sty 1999/11/30 v2.0 generic functions
\@emptytoks=\toks18
\ex@=\dimen149
)) (/usr/local/texlive/2023/texmf-dist/tex/latex/amsmath/amsbsy.sty
Package: amsbsy 1999/11/29 v1.2d Bold Symbols
\pmbraise@=\dimen150
) (/usr/local/texlive/2023/texmf-dist/tex/latex/amsmath/amsopn.sty
Package: amsopn 2022/04/08 v2.04 operator names
)
\inf@bad=\count196
LaTeX Info: Redefining \frac on input line 234.
\uproot@=\count197
\leftroot@=\count198
LaTeX Info: Redefining \overline on input line 399.
LaTeX Info: Redefining \colon on input line 410.
\classnum@=\count199
\DOTSCASE@=\count266
LaTeX Info: Redefining \ldots on input line 496.
LaTeX Info: Redefining \dots on input line 499.
LaTeX Info: Redefining \cdots on input line 620.
\Mathstrutbox@=\box51
\strutbox@=\box52
LaTeX Info: Redefining \big on input line 722.
LaTeX Info: Redefining \Big on input line 723.
LaTeX Info: Redefining \bigg on input line 724.
LaTeX Info: Redefining \Bigg on input line 725.
\big@size=\dimen151
LaTeX Font Info:    Redeclaring font encoding OML on input line 743.
LaTeX Font Info:    Redeclaring font encoding OMS on input line 744.
\macc@depth=\count267
LaTeX Info: Redefining \bmod on input line 905.
LaTeX Info: Redefining \pmod on input line 910.
LaTeX Info: Redefining \smash on input line 940.
LaTeX Info: Redefining \relbar on input line 970.
LaTeX Info: Redefining \Relbar on input line 971.
\c@MaxMatrixCols=\count268
\dotsspace@=\muskip16
\c@parentequation=\count269
\dspbrk@lvl=\count270
\tag@help=\toks19
\row@=\count271
\column@=\count272
\maxfields@=\count273
\andhelp@=\toks20
\eqnshift@=\dimen152
\alignsep@=\dimen153
\tagshift@=\dimen154
\tagwidth@=\dimen155
\totwidth@=\dimen156
\lineht@=\dimen157
\@envbody=\toks21
\multlinegap=\skip51
\multlinetaggap=\skip52
\mathdisplay@stack=\toks22
LaTeX Info: Redefining \[ on input line 2953.
LaTeX Info: Redefining \] on input line 2954.
) (/usr/local/texlive/2023/texmf-dist/tex/latex/amsfonts/amssymb.sty
Package: amssymb 2013/01/14 v3.01 AMS font symbols
(/usr/local/texlive/2023/texmf-dist/tex/latex/amsfonts/amsfonts.sty
Package: amsfonts 2013/01/14 v3.01 Basic AMSFonts support
\symAMSa=\mathgroup4
\symAMSb=\mathgroup5
LaTeX Font Info:    Redeclaring math symbol \hbar on input line 98.
LaTeX Font Info:    Overwriting math alphabet `\mathfrak' in version `bold'
(Font)                  U/euf/m/n --> U/euf/b/n on input line 106.
)) (/usr/local/texlive/2023/texmf-dist/tex/latex/base/fontenc.sty
Package: fontenc 2021/04/29 v2.0v Standard LaTeX package
) (/usr/local/texlive/2023/texmf-dist/tex/latex/base/inputenc.sty
Package: inputenc 2021/02/14 v1.3d Input encoding file
\inpenc@prehook=\toks23
\inpenc@posthook=\toks24
) (/usr/local/texlive/2023/texmf-dist/tex/latex/base/textcomp.sty
Package: textcomp 2020/02/02 v2.0n Standard LaTeX package
) (/usr/local/texlive/2023/texmf-dist/tex/latex/lm/lmodern.sty
Package: lmodern 2015/05/01 v1.6.1 Latin Modern Fonts
LaTeX Font Info:    Overwriting symbol font `operators' in version `normal'
(Font)                  OT1/cmr/m/n --> OT1/lmr/m/n on input line 22.
LaTeX Font Info:    Overwriting symbol font `letters' in version `normal'
(Font)                  OML/cmm/m/it --> OML/lmm/m/it on input line 23.
LaTeX Font Info:    Overwriting symbol font `symbols' in version `normal'
(Font)                  OMS/cmsy/m/n --> OMS/lmsy/m/n on input line 24.
LaTeX Font Info:    Overwriting symbol font `largesymbols' in version `normal'
(Font)                  OMX/cmex/m/n --> OMX/lmex/m/n on input line 25.
LaTeX Font Info:    Overwriting symbol font `operators' in version `bold'
(Font)                  OT1/cmr/bx/n --> OT1/lmr/bx/n on input line 26.
LaTeX Font Info:    Overwriting symbol font `letters' in version `bold'
(Font)                  OML/cmm/b/it --> OML/lmm/b/it on input line 27.
LaTeX Font Info:    Overwriting symbol font `symbols' in version `bold'
(Font)                  OMS/cmsy/b/n --> OMS/lmsy/b/n on input line 28.
LaTeX Font Info:    Overwriting symbol font `largesymbols' in version `bold'
(Font)                  OMX/cmex/m/n --> OMX/lmex/m/n on input line 29.
LaTeX Font Info:    Overwriting math alphabet `\mathbf' in version `normal'
(Font)                  OT1/cmr/bx/n --> OT1/lmr/bx/n on input line 31.
LaTeX Font Info:    Overwriting math alphabet `\mathsf' in version `normal'
(Font)                  OT1/cmss/m/n --> OT1/lmss/m/n on input line 32.
LaTeX Font Info:    Overwriting math alphabet `\mathit' in version `normal'
(Font)                  OT1/cmr/m/it --> OT1/lmr/m/it on input line 33.
LaTeX Font Info:    Overwriting math alphabet `\mathtt' in version `normal'
(Font)                  OT1/cmtt/m/n --> OT1/lmtt/m/n on input line 34.
LaTeX Font Info:    Overwriting math alphabet `\mathbf' in version `bold'
(Font)                  OT1/cmr/bx/n --> OT1/lmr/bx/n on input line 35.
LaTeX Font Info:    Overwriting math alphabet `\mathsf' in version `bold'
(Font)                  OT1/cmss/bx/n --> OT1/lmss/bx/n on input line 36.
LaTeX Font Info:    Overwriting math alphabet `\mathit' in version `bold'
(Font)                  OT1/cmr/bx/it --> OT1/lmr/bx/it on input line 37.
LaTeX Font Info:    Overwriting math alphabet `\mathtt' in version `bold'
(Font)                  OT1/cmtt/m/n --> OT1/lmtt/m/n on input line 38.
) (/usr/local/texlive/2023/texmf-dist/tex/latex/upquote/upquote.sty
Package: upquote 2012/04/19 v1.3 upright-quote and grave-accent glyphs in verba
tim
) (/usr/local/texlive/2023/texmf-dist/tex/latex/microtype/microtype.sty
Package: microtype 2023/03/13 v3.1a Micro-typographical refinements (RS)
(/usr/local/texlive/2023/texmf-dist/tex/latex/etoolbox/etoolbox.sty
Package: etoolbox 2020/10/05 v2.5k e-TeX tools for LaTeX (JAW)
\etb@tempcnta=\count274
)
\MT@toks=\toks25
\MT@tempbox=\box53
\MT@count=\count275
LaTeX Info: Redefining \noprotrusionifhmode on input line 1059.
LaTeX Info: Redefining \leftprotrusion on input line 1060.
\MT@prot@toks=\toks26
LaTeX Info: Redefining \rightprotrusion on input line 1078.
LaTeX Info: Redefining \textls on input line 1368.
\MT@outer@kern=\dimen158
LaTeX Info: Redefining \textmicrotypecontext on input line 1988.
\MT@listname@count=\count276
(/usr/local/texlive/2023/texmf-dist/tex/latex/microtype/microtype-pdftex.def
File: microtype-pdftex.def 2023/03/13 v3.1a Definitions specific to pdftex (RS)

LaTeX Info: Redefining \lsstyle on input line 902.
LaTeX Info: Redefining \lslig on input line 902.
\MT@outer@space=\skip53
)
Package microtype Info: Loading configuration file microtype.cfg.
(/usr/local/texlive/2023/texmf-dist/tex/latex/microtype/microtype.cfg
File: microtype.cfg 2023/03/13 v3.1a microtype main configuration file (RS)
)) (/usr/local/texlive/2023/texmf-dist/tex/latex/parskip/parskip.sty
Package: parskip 2021-03-14 v2.0h non-zero parskip adjustments
(/usr/local/texlive/2023/texmf-dist/tex/latex/kvoptions/kvoptions.sty
Package: kvoptions 2022-06-15 v3.15 Key value format for package options (HO)
(/usr/local/texlive/2023/texmf-dist/tex/generic/ltxcmds/ltxcmds.sty
Package: ltxcmds 2020-05-10 v1.25 LaTeX kernel commands for general use (HO)
) (/usr/local/texlive/2023/texmf-dist/tex/latex/kvsetkeys/kvsetkeys.sty
Package: kvsetkeys 2022-10-05 v1.19 Key value parser (HO)
))) (/usr/local/texlive/2023/texmf-dist/tex/latex/graphics/graphicx.sty
Package: graphicx 2021/09/16 v1.2d Enhanced LaTeX Graphics (DPC,SPQR)
(/usr/local/texlive/2023/texmf-dist/tex/latex/graphics/graphics.sty
Package: graphics 2022/03/10 v1.4e Standard LaTeX Graphics (DPC,SPQR)
(/usr/local/texlive/2023/texmf-dist/tex/latex/graphics/trig.sty
Package: trig 2021/08/11 v1.11 sin cos tan (DPC)
) (/usr/local/texlive/2023/texmf-dist/tex/latex/graphics-cfg/graphics.cfg
File: graphics.cfg 2016/06/04 v1.11 sample graphics configuration
)
Package graphics Info: Driver file: pdftex.def on input line 107.
)
\Gin@req@height=\dimen159
\Gin@req@width=\dimen160
)
\pandoc@box=\box54
(/usr/local/texlive/2023/texmf-dist/tex/latex/polski/polski.sty
Package: polski 2021/08/25 v1.3.6 Polish language package
   Inputenc package detected. Catcodes not changed.
(/usr/local/texlive/2023/texmf-dist/tex/latex/base/ot4enc.def
File: ot4enc.def 2021/04/29 v2.0v Standard LaTeX file
Now handling font encoding OT4 ...
... no UTF-8 mapping file for font encoding OT4
)) (/usr/local/texlive/2023/texmf-dist/tex/latex/float/float.sty
Package: float 2001/11/08 v1.3d Float enhancements (AL)
\c@float@type=\count277
\float@exts=\toks27
\float@box=\box55
\@float@everytoks=\toks28
\@floatcapt=\box56
) (/usr/local/texlive/2023/texmf-dist/tex/latex/verbdef/verbdef.sty
Package: verbdef 2000/10/06 v0.2 define verbatim csnames
) (/usr/local/texlive/2023/texmf-dist/tex/latex/tools/array.sty
Package: array 2022/09/04 v2.5g Tabular extension package (FMi)
\col@sep=\dimen161
\ar@mcellbox=\box57
\extrarowheight=\dimen162
\NC@list=\toks29
\extratabsurround=\skip54
\backup@length=\skip55
\ar@cellbox=\box58
)
\c@uw=\count278
(/usr/local/texlive/2023/texmf-dist/tex/latex/bookmark/bookmark.sty
Package: bookmark 2020-11-06 v1.29 PDF bookmarks (HO)
(/usr/local/texlive/2023/texmf-dist/tex/latex/hyperref/hyperref.sty
Package: hyperref 2023-02-07 v7.00v Hypertext links for LaTeX
(/usr/local/texlive/2023/texmf-dist/tex/generic/pdftexcmds/pdftexcmds.sty
Package: pdftexcmds 2020-06-27 v0.33 Utility functions of pdfTeX for LuaTeX (HO
)
(/usr/local/texlive/2023/texmf-dist/tex/generic/infwarerr/infwarerr.sty
Package: infwarerr 2019/12/03 v1.5 Providing info/warning/error messages (HO)
)
Package pdftexcmds Info: \pdf@primitive is available.
Package pdftexcmds Info: \pdf@ifprimitive is available.
Package pdftexcmds Info: \pdfdraftmode found.
) (/usr/local/texlive/2023/texmf-dist/tex/generic/kvdefinekeys/kvdefinekeys.sty
Package: kvdefinekeys 2019-12-19 v1.6 Define keys (HO)
) (/usr/local/texlive/2023/texmf-dist/tex/generic/pdfescape/pdfescape.sty
Package: pdfescape 2019/12/09 v1.15 Implements pdfTeX's escape features (HO)
) (/usr/local/texlive/2023/texmf-dist/tex/latex/hycolor/hycolor.sty
Package: hycolor 2020-01-27 v1.10 Color options for hyperref/bookmark (HO)
) (/usr/local/texlive/2023/texmf-dist/tex/latex/letltxmacro/letltxmacro.sty
Package: letltxmacro 2019/12/03 v1.6 Let assignment for LaTeX macros (HO)
) (/usr/local/texlive/2023/texmf-dist/tex/latex/auxhook/auxhook.sty
Package: auxhook 2019-12-17 v1.6 Hooks for auxiliary files (HO)
) (/usr/local/texlive/2023/texmf-dist/tex/latex/hyperref/nameref.sty
Package: nameref 2022-05-17 v2.50 Cross-referencing by name of section
(/usr/local/texlive/2023/texmf-dist/tex/latex/refcount/refcount.sty
Package: refcount 2019/12/15 v3.6 Data extraction from label references (HO)
)
(/usr/local/texlive/2023/texmf-dist/tex/generic/gettitlestring/gettitlestring.s
ty
Package: gettitlestring 2019/12/15 v1.6 Cleanup title references (HO)
)
\c@section@level=\count279
)
\@linkdim=\dimen163
\Hy@linkcounter=\count280
\Hy@pagecounter=\count281
(/usr/local/texlive/2023/texmf-dist/tex/latex/hyperref/pd1enc.def
File: pd1enc.def 2023-02-07 v7.00v Hyperref: PDFDocEncoding definition (HO)
Now handling font encoding PD1 ...
... no UTF-8 mapping file for font encoding PD1
) (/usr/local/texlive/2023/texmf-dist/tex/generic/intcalc/intcalc.sty
Package: intcalc 2019/12/15 v1.3 Expandable calculations with integers (HO)
) (/usr/local/texlive/2023/texmf-dist/tex/generic/etexcmds/etexcmds.sty
Package: etexcmds 2019/12/15 v1.7 Avoid name clashes with e-TeX commands (HO)
)
\Hy@SavedSpaceFactor=\count282
(/usr/local/texlive/2023/texmf-dist/tex/latex/hyperref/puenc.def
File: puenc.def 2023-02-07 v7.00v Hyperref: PDF Unicode definition (HO)
Now handling font encoding PU ...
... no UTF-8 mapping file for font encoding PU
)
Package hyperref Info: Option `unicode' set `true' on input line 4060.
Package hyperref Info: Hyper figures OFF on input line 4177.
Package hyperref Info: Link nesting OFF on input line 4182.
Package hyperref Info: Hyper index ON on input line 4185.
Package hyperref Info: Plain pages OFF on input line 4192.
Package hyperref Info: Backreferencing OFF on input line 4197.
Package hyperref Info: Implicit mode ON; LaTeX internals redefined.
Package hyperref Info: Bookmarks ON on input line 4425.
\c@Hy@tempcnt=\count283
(/usr/local/texlive/2023/texmf-dist/tex/latex/url/url.sty
\Urlmuskip=\muskip17
Package: url 2013/09/16  ver 3.4  Verb mode for urls, etc.
)
LaTeX Info: Redefining \url on input line 4763.
\XeTeXLinkMargin=\dimen164
(/usr/local/texlive/2023/texmf-dist/tex/generic/bitset/bitset.sty
Package: bitset 2019/12/09 v1.3 Handle bit-vector datatype (HO)
(/usr/local/texlive/2023/texmf-dist/tex/generic/bigintcalc/bigintcalc.sty
Package: bigintcalc 2019/12/15 v1.5 Expandable calculations on big integers (HO
)
))
\Fld@menulength=\count284
\Field@Width=\dimen165
\Fld@charsize=\dimen166
Package hyperref Info: Hyper figures OFF on input line 6042.
Package hyperref Info: Link nesting OFF on input line 6047.
Package hyperref Info: Hyper index ON on input line 6050.
Package hyperref Info: backreferencing OFF on input line 6057.
Package hyperref Info: Link coloring OFF on input line 6062.
Package hyperref Info: Link coloring with OCG OFF on input line 6067.
Package hyperref Info: PDF/A mode OFF on input line 6072.
(/usr/local/texlive/2023/texmf-dist/tex/latex/base/atbegshi-ltx.sty
Package: atbegshi-ltx 2021/01/10 v1.0c Emulation of the original atbegshi
package with kernel methods
)
\Hy@abspage=\count285
\c@Item=\count286
\c@Hfootnote=\count287
)
Package hyperref Info: Driver (autodetected): hpdftex.
(/usr/local/texlive/2023/texmf-dist/tex/latex/hyperref/hpdftex.def
File: hpdftex.def 2023-02-07 v7.00v Hyperref driver for pdfTeX
(/usr/local/texlive/2023/texmf-dist/tex/latex/base/atveryend-ltx.sty
Package: atveryend-ltx 2020/08/19 v1.0a Emulation of the original atveryend pac
kage
with kernel methods
)
\Fld@listcount=\count288
\c@bookmark@seq@number=\count289

(/usr/local/texlive/2023/texmf-dist/tex/latex/rerunfilecheck/rerunfilecheck.sty
Package: rerunfilecheck 2022-07-10 v1.10 Rerun checks for auxiliary files (HO)

(/usr/local/texlive/2023/texmf-dist/tex/generic/uniquecounter/uniquecounter.sty
Package: uniquecounter 2019/12/15 v1.4 Provide unlimited unique counter (HO)
)
Package uniquecounter Info: New unique counter `rerunfilecheck' on input line 2
85.
)
\Hy@SectionHShift=\skip56
) (/usr/local/texlive/2023/texmf-dist/tex/latex/bookmark/bkm-pdftex.def
File: bkm-pdftex.def 2020-11-06 v1.29 bookmark driver for pdfTeX (HO)
\BKM@id=\count290
)) (/usr/local/texlive/2023/texmf-dist/tex/latex/xurl/xurl.sty
Package: xurl 2022/01/09 v 0.10 modify URL breaks
)
LaTeX Font Info:    Trying to load font information for OT4+lmr on input line 8
5.
(/usr/local/texlive/2023/texmf-dist/tex/latex/lm/ot4lmr.fd
File: ot4lmr.fd 2015/05/01 v1.6.1 Font defs for Latin Modern
) (/usr/local/texlive/2023/texmf-dist/tex/latex/l3backend/l3backend-pdftex.def
File: l3backend-pdftex.def 2023-01-16 L3 backend support: PDF output (pdfTeX)
\l__color_backend_stack_int=\count291
\l__pdf_internal_box=\box59
) (./raw.aux

LaTeX Warning: Label `fig:macd' multiply defined.

)
\openout1 = `raw.aux'.

LaTeX Font Info:    Checking defaults for OML/cmm/m/it on input line 85.
LaTeX Font Info:    ... okay on input line 85.
LaTeX Font Info:    Checking defaults for OMS/cmsy/m/n on input line 85.
LaTeX Font Info:    ... okay on input line 85.
LaTeX Font Info:    Checking defaults for OT1/cmr/m/n on input line 85.
LaTeX Font Info:    ... okay on input line 85.
LaTeX Font Info:    Checking defaults for T1/cmr/m/n on input line 85.
LaTeX Font Info:    ... okay on input line 85.
LaTeX Font Info:    Checking defaults for TS1/cmr/m/n on input line 85.
LaTeX Font Info:    ... okay on input line 85.
LaTeX Font Info:    Checking defaults for OMX/cmex/m/n on input line 85.
LaTeX Font Info:    ... okay on input line 85.
LaTeX Font Info:    Checking defaults for U/cmr/m/n on input line 85.
LaTeX Font Info:    ... okay on input line 85.
LaTeX Font Info:    Checking defaults for OT4/cmr/m/n on input line 85.
LaTeX Font Info:    Trying to load font information for OT4+cmr on input line 8
5.
(/usr/local/texlive/2023/texmf-dist/tex/latex/polski/ot4cmr.fd
File: ot4cmr.fd 2008/02/24 v1.2.1 Font defs for fonts PL (MW)
)
LaTeX Font Info:    ... okay on input line 85.
LaTeX Font Info:    Checking defaults for PD1/pdf/m/n on input line 85.
LaTeX Font Info:    ... okay on input line 85.
LaTeX Font Info:    Checking defaults for PU/pdf/m/n on input line 85.
LaTeX Font Info:    ... okay on input line 85.
(/usr/local/texlive/2023/texmf-dist/tex/context/base/mkii/supp-pdf.mkii
[Loading MPS to PDF converter (version 2006.09.02).]
\scratchcounter=\count292
\scratchdimen=\dimen167
\scratchbox=\box60
\nofMPsegments=\count293
\nofMParguments=\count294
\everyMPshowfont=\toks30
\MPscratchCnt=\count295
\MPscratchDim=\dimen168
\MPnumerator=\count296
\makeMPintoPDFobject=\count297
\everyMPtoPDFconversion=\toks31
) (/usr/local/texlive/2023/texmf-dist/tex/latex/epstopdf-pkg/epstopdf-base.sty
Package: epstopdf-base 2020-01-24 v2.11 Base part for package epstopdf
Package epstopdf-base Info: Redefining graphics rule for `.eps' on input line 4
85.
(/usr/local/texlive/2023/texmf-dist/tex/latex/latexconfig/epstopdf-sys.cfg
File: epstopdf-sys.cfg 2010/07/13 v1.3 Configuration of (r)epstopdf for TeX Liv
e
))
*geometry* driver: auto-detecting
*geometry* detected driver: pdftex
*geometry* verbose mode - [ preamble ] result:
* driver: pdftex
* paper: <default>
* layout: <same size as paper>
* layoutoffset:(h,v)=(0.0pt,0.0pt)
* modes: 
* h-part:(L,W,R)=(72.26999pt, 469.75502pt, 72.26999pt)
* v-part:(T,H,B)=(72.26999pt, 650.43001pt, 72.26999pt)
* \paperwidth=614.295pt
* \paperheight=794.96999pt
* \textwidth=469.75502pt
* \textheight=650.43001pt
* \oddsidemargin=0.0pt
* \evensidemargin=0.0pt
* \topmargin=-37.0pt
* \headheight=12.0pt
* \headsep=25.0pt
* \topskip=10.0pt
* \footskip=30.0pt
* \marginparwidth=65.0pt
* \marginparsep=11.0pt
* \columnsep=10.0pt
* \skip\footins=9.0pt plus 4.0pt minus 2.0pt
* \hoffset=0.0pt
* \voffset=0.0pt
* \mag=1000
* \@twocolumnfalse
* \@twosidefalse
* \@mparswitchfalse
* \@reversemarginfalse
* (1in=72.27pt=25.4mm, 1cm=28.453pt)

LaTeX Info: Redefining \microtypecontext on input line 85.
Package microtype Info: Applying patch `item' on input line 85.
Package microtype Info: Applying patch `toc' on input line 85.
Package microtype Info: Applying patch `eqnum' on input line 85.
Package microtype Info: Applying patch `footnote' on input line 85.
Package microtype Info: Applying patch `verbatim' on input line 85.
Package microtype Info: Generating PDF output.
Package microtype Info: Character protrusion enabled (level 2).
Package microtype Info: Using protrusion set `basicmath'.
Package microtype Info: Automatic font expansion enabled (level 2),
(microtype)             stretch: 20, shrink: 20, step: 1, non-selected.
Package microtype Info: Using default expansion set `alltext-nott'.
LaTeX Info: Redefining \showhyphens on input line 85.
Package microtype Info: No adjustment of tracking.
Package microtype Info: No adjustment of interword spacing.
Package microtype Info: No adjustment of character kerning.
(/usr/local/texlive/2023/texmf-dist/tex/latex/microtype/mt-cmr.cfg
File: mt-cmr.cfg 2013/05/19 v2.2 microtype config. file: Computer Modern Roman 
(RS)
)
Package hyperref Info: Link coloring OFF on input line 85.
LaTeX Font Info:    Trying to load font information for OT1+lmr on input line 8
7.
(/usr/local/texlive/2023/texmf-dist/tex/latex/lm/ot1lmr.fd
File: ot1lmr.fd 2015/05/01 v1.6.1 Font defs for Latin Modern
)
LaTeX Font Info:    Trying to load font information for OML+lmm on input line 8
7.
(/usr/local/texlive/2023/texmf-dist/tex/latex/lm/omllmm.fd
File: omllmm.fd 2015/05/01 v1.6.1 Font defs for Latin Modern
)
LaTeX Font Info:    Trying to load font information for OMS+lmsy on input line 
87.
(/usr/local/texlive/2023/texmf-dist/tex/latex/lm/omslmsy.fd
File: omslmsy.fd 2015/05/01 v1.6.1 Font defs for Latin Modern
)
LaTeX Font Info:    Trying to load font information for OMX+lmex on input line 
87.
(/usr/local/texlive/2023/texmf-dist/tex/latex/lm/omxlmex.fd
File: omxlmex.fd 2015/05/01 v1.6.1 Font defs for Latin Modern
)
LaTeX Font Info:    External font `lmex10' loaded for size
(Font)              <12> on input line 87.
LaTeX Font Info:    External font `lmex10' loaded for size
(Font)              <8> on input line 87.
LaTeX Font Info:    External font `lmex10' loaded for size
(Font)              <6> on input line 87.
LaTeX Font Info:    Trying to load font information for U+msa on input line 87.

(/usr/local/texlive/2023/texmf-dist/tex/latex/amsfonts/umsa.fd
File: umsa.fd 2013/01/14 v3.01 AMS symbols A
) (/usr/local/texlive/2023/texmf-dist/tex/latex/microtype/mt-msa.cfg
File: mt-msa.cfg 2006/02/04 v1.1 microtype config. file: AMS symbols (a) (RS)
)
LaTeX Font Info:    Trying to load font information for U+msb on input line 87.

(/usr/local/texlive/2023/texmf-dist/tex/latex/amsfonts/umsb.fd
File: umsb.fd 2013/01/14 v3.01 AMS symbols B
) (/usr/local/texlive/2023/texmf-dist/tex/latex/microtype/mt-msb.cfg
File: mt-msb.cfg 2005/06/01 v1.0 microtype config. file: AMS symbols (b) (RS)
) (./raw.toc
LaTeX Font Info:    External font `lmex10' loaded for size
(Font)              <10> on input line 2.
LaTeX Font Info:    External font `lmex10' loaded for size
(Font)              <7> on input line 2.
LaTeX Font Info:    External font `lmex10' loaded for size
(Font)              <5> on input line 2.
)
\tf@toc=\write3
\openout3 = `raw.toc'.

LaTeX Font Info:    Trying to load font information for TS1+lmr on input line 1
00.
(/usr/local/texlive/2023/texmf-dist/tex/latex/lm/ts1lmr.fd
File: ts1lmr.fd 2015/05/01 v1.6.1 Font defs for Latin Modern
)
LaTeX Font Info:    Trying to load font information for OT4+lmtt on input line 
112.
(/usr/local/texlive/2023/texmf-dist/tex/latex/lm/ot4lmtt.fd
File: ot4lmtt.fd 2015/05/01 v1.6.1 Font defs for Latin Modern
)
<raw_files/figure-latex/unnamed-chunk-1-1.pdf, id=12, 315.1775pt x 206.7725pt>
File: raw_files/figure-latex/unnamed-chunk-1-1.pdf Graphic file (type pdf)
<use raw_files/figure-latex/unnamed-chunk-1-1.pdf>
Package pdftex.def Info: raw_files/figure-latex/unnamed-chunk-1-1.pdf  used on 
input line 119.
(pdftex.def)             Requested size: 315.17673pt x 206.77199pt.
[1

{/usr/local/texlive/2023/texmf-var/fonts/map/pdftex/updmap/pdftex.map}{/usr/loc
al/texlive/2023/texmf-dist/fonts/enc/dvips/lm/lm-rm.enc}{/usr/local/texlive/202
3/texmf-dist/fonts/enc/dvips/lm/lm-ts1.enc}{/usr/local/texlive/2023/texmf-dist/
fonts/enc/dvips/lm/lm-rmtt.enc}]
<raw_files/figure-latex/unnamed-chunk-2-1.pdf, id=36, 332.24126pt x 352.31625pt
>
File: raw_files/figure-latex/unnamed-chunk-2-1.pdf Graphic file (type pdf)
<use raw_files/figure-latex/unnamed-chunk-2-1.pdf>
Package pdftex.def Info: raw_files/figure-latex/unnamed-chunk-2-1.pdf  used on 
input line 135.
(pdftex.def)             Requested size: 332.24043pt x 352.31538pt.
[2 <./raw_files/figure-latex/unnamed-chunk-1-1.pdf>]
<raw_files/figure-latex/unnamed-chunk-3-1.pdf, id=51, 338.26375pt x 219.82124pt
>
File: raw_files/figure-latex/unnamed-chunk-3-1.pdf Graphic file (type pdf)
<use raw_files/figure-latex/unnamed-chunk-3-1.pdf>
Package pdftex.def Info: raw_files/figure-latex/unnamed-chunk-3-1.pdf  used on 
input line 146.
(pdftex.def)             Requested size: 338.26291pt x 219.8207pt.
[3 <./raw_files/figure-latex/unnamed-chunk-2-1.pdf>]
<raw_files/figure-latex/unnamed-chunk-5-1.pdf, id=66, 315.1775pt x 207.77625pt>

File: raw_files/figure-latex/unnamed-chunk-5-1.pdf Graphic file (type pdf)
<use raw_files/figure-latex/unnamed-chunk-5-1.pdf>
Package pdftex.def Info: raw_files/figure-latex/unnamed-chunk-5-1.pdf  used on 
input line 178.
(pdftex.def)             Requested size: 315.17673pt x 207.77573pt.
[4 <./raw_files/figure-latex/unnamed-chunk-3-1.pdf>]
<raw_files/figure-latex/unnamed-chunk-7-1.pdf, id=83, 345.29pt x 241.90375pt>
File: raw_files/figure-latex/unnamed-chunk-7-1.pdf Graphic file (type pdf)
<use raw_files/figure-latex/unnamed-chunk-7-1.pdf>
Package pdftex.def Info: raw_files/figure-latex/unnamed-chunk-7-1.pdf  used on 
input line 196.
(pdftex.def)             Requested size: 345.28914pt x 241.90315pt.
<raw_files/figure-latex/unnamed-chunk-8-1.pdf, id=86, 315.1775pt x 207.77625pt>

File: raw_files/figure-latex/unnamed-chunk-8-1.pdf Graphic file (type pdf)
<use raw_files/figure-latex/unnamed-chunk-8-1.pdf>
Package pdftex.def Info: raw_files/figure-latex/unnamed-chunk-8-1.pdf  used on 
input line 209.
(pdftex.def)             Requested size: 315.17673pt x 207.77573pt.
[5 <./raw_files/figure-latex/unnamed-chunk-5-1.pdf> <./raw_files/figure-latex/u
nnamed-chunk-7-1.pdf>]
<raw_files/figure-latex/unnamed-chunk-9-1.pdf, id=105, 356.33125pt x 241.90375p
t>
File: raw_files/figure-latex/unnamed-chunk-9-1.pdf Graphic file (type pdf)
<use raw_files/figure-latex/unnamed-chunk-9-1.pdf>
Package pdftex.def Info: raw_files/figure-latex/unnamed-chunk-9-1.pdf  used on 
input line 223.
(pdftex.def)             Requested size: 356.33037pt x 241.90315pt.
[6 <./raw_files/figure-latex/unnamed-chunk-8-1.pdf> <./raw_files/figure-latex/u
nnamed-chunk-9-1.pdf>]
<raw_files/figure-latex/unnamed-chunk-11-1.pdf, id=124, 315.1775pt x 207.77625p
t>
File: raw_files/figure-latex/unnamed-chunk-11-1.pdf Graphic file (type pdf)
<use raw_files/figure-latex/unnamed-chunk-11-1.pdf>
Package pdftex.def Info: raw_files/figure-latex/unnamed-chunk-11-1.pdf  used on
 input line 264.
(pdftex.def)             Requested size: 315.17673pt x 207.77573pt.
<raw_files/figure-latex/unnamed-chunk-12-1.pdf, id=127, 345.29pt x 241.90375pt>

File: raw_files/figure-latex/unnamed-chunk-12-1.pdf Graphic file (type pdf)
<use raw_files/figure-latex/unnamed-chunk-12-1.pdf>
Package pdftex.def Info: raw_files/figure-latex/unnamed-chunk-12-1.pdf  used on
 input line 283.
(pdftex.def)             Requested size: 345.28914pt x 241.90315pt.
[7{/usr/local/texlive/2023/texmf-dist/fonts/enc/dvips/lm/lm-mathit.enc}{/usr/lo
cal/texlive/2023/texmf-dist/fonts/enc/dvips/lm/lm-mathsy.enc} <./raw_files/figu
re-latex/unnamed-chunk-11-1.pdf>]
Underfull \hbox (badness 10000) in paragraph at lines 288--291

 []

<raw_files/figure-latex/unnamed-chunk-14-1.pdf, id=145, 315.1775pt x 207.77625p
t>
File: raw_files/figure-latex/unnamed-chunk-14-1.pdf Graphic file (type pdf)
<use raw_files/figure-latex/unnamed-chunk-14-1.pdf>
Package pdftex.def Info: raw_files/figure-latex/unnamed-chunk-14-1.pdf  used on
 input line 308.
(pdftex.def)             Requested size: 315.17673pt x 207.77573pt.
[8 <./raw_files/figure-latex/unnamed-chunk-12-1.pdf>]
<raw_files/figure-latex/unnamed-chunk-15-1.pdf, id=158, 345.29pt x 241.90375pt>

File: raw_files/figure-latex/unnamed-chunk-15-1.pdf Graphic file (type pdf)
<use raw_files/figure-latex/unnamed-chunk-15-1.pdf>
Package pdftex.def Info: raw_files/figure-latex/unnamed-chunk-15-1.pdf  used on
 input line 322.
(pdftex.def)             Requested size: 345.28914pt x 241.90315pt.

Underfull \hbox (badness 10000) in paragraph at lines 327--332

 []

[9 <./raw_files/figure-latex/unnamed-chunk-14-1.pdf> <./raw_files/figure-latex/
unnamed-chunk-15-1.pdf>]
<raw_files/figure-latex/unnamed-chunk-17-1.pdf, id=178, 315.1775pt x 207.77625p
t>
File: raw_files/figure-latex/unnamed-chunk-17-1.pdf Graphic file (type pdf)
<use raw_files/figure-latex/unnamed-chunk-17-1.pdf>
Package pdftex.def Info: raw_files/figure-latex/unnamed-chunk-17-1.pdf  used on
 input line 352.
(pdftex.def)             Requested size: 315.17673pt x 207.77573pt.
<raw_files/figure-latex/unnamed-chunk-18-1.pdf, id=183, 345.29pt x 241.90375pt>

File: raw_files/figure-latex/unnamed-chunk-18-1.pdf Graphic file (type pdf)
<use raw_files/figure-latex/unnamed-chunk-18-1.pdf>
Package pdftex.def Info: raw_files/figure-latex/unnamed-chunk-18-1.pdf  used on
 input line 375.
(pdftex.def)             Requested size: 345.28914pt x 241.90315pt.
[10 <./raw_files/figure-latex/unnamed-chunk-17-1.pdf>]
LaTeX Font Info:    Trying to load font information for TS1+lmtt on input line 
396.
(/usr/local/texlive/2023/texmf-dist/tex/latex/lm/ts1lmtt.fd
File: ts1lmtt.fd 2015/05/01 v1.6.1 Font defs for Latin Modern
)
<raw_files/figure-latex/unnamed-chunk-19-1.pdf, id=196, 315.1775pt x 207.77625p
t>
File: raw_files/figure-latex/unnamed-chunk-19-1.pdf Graphic file (type pdf)
<use raw_files/figure-latex/unnamed-chunk-19-1.pdf>
Package pdftex.def Info: raw_files/figure-latex/unnamed-chunk-19-1.pdf  used on
 input line 407.
(pdftex.def)             Requested size: 315.17673pt x 207.77573pt.

Underfull \hbox (badness 4316) in paragraph at lines 408--408
[]\OT1/lmr/m/n/10 (+20) Rysunek 14: []Wykres lo-so-wych reszt oraz ich ACF i PA
CF dla de-kom-po-zy-cji STL z par.
 []

[11 <./raw_files/figure-latex/unnamed-chunk-18-1.pdf>]
<raw_files/figure-latex/unnamed-chunk-20-1.pdf, id=214, 345.29pt x 241.90375pt>

File: raw_files/figure-latex/unnamed-chunk-20-1.pdf Graphic file (type pdf)
<use raw_files/figure-latex/unnamed-chunk-20-1.pdf>
Package pdftex.def Info: raw_files/figure-latex/unnamed-chunk-20-1.pdf  used on
 input line 426.
(pdftex.def)             Requested size: 345.28914pt x 241.90315pt.
[12 <./raw_files/figure-latex/unnamed-chunk-19-1.pdf> <./raw_files/figure-latex
/unnamed-chunk-20-1.pdf>]
<raw_files/figure-latex/unnamed-chunk-21-1.pdf, id=232, 315.1775pt x 207.77625p
t>
File: raw_files/figure-latex/unnamed-chunk-21-1.pdf Graphic file (type pdf)
<use raw_files/figure-latex/unnamed-chunk-21-1.pdf>
Package pdftex.def Info: raw_files/figure-latex/unnamed-chunk-21-1.pdf  used on
 input line 444.
(pdftex.def)             Requested size: 315.17673pt x 207.77573pt.

Underfull \hbox (badness 4316) in paragraph at lines 445--445
[]\OT1/lmr/m/n/10 (+20) Rysunek 16: []Wykres lo-so-wych reszt oraz ich ACF i PA
CF dla de-kom-po-zy-cji STL z par.
 []

<raw_files/figure-latex/unnamed-chunk-22-1.pdf, id=236, 345.29pt x 241.90375pt>

File: raw_files/figure-latex/unnamed-chunk-22-1.pdf Graphic file (type pdf)
<use raw_files/figure-latex/unnamed-chunk-22-1.pdf>
Package pdftex.def Info: raw_files/figure-latex/unnamed-chunk-22-1.pdf  used on
 input line 461.
(pdftex.def)             Requested size: 345.28914pt x 241.90315pt.
[13 <./raw_files/figure-latex/unnamed-chunk-21-1.pdf>]
Underfull \hbox (badness 10000) in paragraph at lines 466--470

 []

<raw_files/figure-latex/unnamed-chunk-23-1.pdf, id=252, 315.1775pt x 207.77625p
t>
File: raw_files/figure-latex/unnamed-chunk-23-1.pdf Graphic file (type pdf)
<use raw_files/figure-latex/unnamed-chunk-23-1.pdf>
Package pdftex.def Info: raw_files/figure-latex/unnamed-chunk-23-1.pdf  used on
 input line 479.
(pdftex.def)             Requested size: 315.17673pt x 207.77573pt.

Underfull \hbox (badness 4316) in paragraph at lines 480--480
[]\OT1/lmr/m/n/10 (+20) Rysunek 18: []Wykres lo-so-wych reszt oraz ich ACF i PA
CF dla de-kom-po-zy-cji STL z par.
 []

[14 <./raw_files/figure-latex/unnamed-chunk-22-1.pdf> <./raw_files/figure-latex
/unnamed-chunk-23-1.pdf>]
<raw_files/figure-latex/unnamed-chunk-24-1.pdf, id=277, 345.29pt x 241.90375pt>

File: raw_files/figure-latex/unnamed-chunk-24-1.pdf Graphic file (type pdf)
<use raw_files/figure-latex/unnamed-chunk-24-1.pdf>
Package pdftex.def Info: raw_files/figure-latex/unnamed-chunk-24-1.pdf  used on
 input line 494.
(pdftex.def)             Requested size: 345.28914pt x 241.90315pt.

Underfull \hbox (badness 10000) in paragraph at lines 499--505

 []

<raw_files/figure-latex/unnamed-chunk-25-1.pdf, id=280, 315.1775pt x 207.77625p
t>
File: raw_files/figure-latex/unnamed-chunk-25-1.pdf Graphic file (type pdf)
<use raw_files/figure-latex/unnamed-chunk-25-1.pdf>
Package pdftex.def Info: raw_files/figure-latex/unnamed-chunk-25-1.pdf  used on
 input line 514.
(pdftex.def)             Requested size: 315.17673pt x 207.77573pt.

Underfull \hbox (badness 4316) in paragraph at lines 515--515
[]\OT1/lmr/m/n/10 (+20) Rysunek 20: []Wykres lo-so-wych reszt oraz ich ACF i PA
CF dla de-kom-po-zy-cji STL z par.
 []

[15 <./raw_files/figure-latex/unnamed-chunk-24-1.pdf>]
Overfull \hbox (26.91449pt too wide) in paragraph at lines 519--527
\OT1/lmr/m/n/10 (-20) Porównajmy do-pa-so-wa-nie mo-de-li z pa-ra-me-tra-mi \OT
4/lmtt/m/n/10 s.window = 13, t.window = 5 \OT1/lmr/m/n/10 (-20) i \OT4/lmtt/m/n
/10 s.window = 13, t.window = 9
 []

<raw_files/figure-latex/unnamed-chunk-26-1.pdf, id=296, 345.29pt x 241.90375pt>

File: raw_files/figure-latex/unnamed-chunk-26-1.pdf Graphic file (type pdf)
<use raw_files/figure-latex/unnamed-chunk-26-1.pdf>
Package pdftex.def Info: raw_files/figure-latex/unnamed-chunk-26-1.pdf  used on
 input line 530.
(pdftex.def)             Requested size: 345.28914pt x 241.90315pt.
[16 <./raw_files/figure-latex/unnamed-chunk-25-1.pdf> <./raw_files/figure-latex
/unnamed-chunk-26-1.pdf>]
<raw_files/figure-latex/unnamed-chunk-28-1.pdf, id=315, 346.29375pt x 241.90375
pt>
File: raw_files/figure-latex/unnamed-chunk-28-1.pdf Graphic file (type pdf)
<use raw_files/figure-latex/unnamed-chunk-28-1.pdf>
Package pdftex.def Info: raw_files/figure-latex/unnamed-chunk-28-1.pdf  used on
 input line 576.
(pdftex.def)             Requested size: 346.2929pt x 241.90315pt.
[17{/usr/local/texlive/2023/texmf-dist/fonts/enc/dvips/lm/lm-mathex.enc} <./raw
_files/figure-latex/unnamed-chunk-28-1.pdf>]
<raw_files/figure-latex/unnamed-chunk-29-1.pdf, id=331, 346.29375pt x 241.90375
pt>
File: raw_files/figure-latex/unnamed-chunk-29-1.pdf Graphic file (type pdf)
<use raw_files/figure-latex/unnamed-chunk-29-1.pdf>
Package pdftex.def Info: raw_files/figure-latex/unnamed-chunk-29-1.pdf  used on
 input line 593.
(pdftex.def)             Requested size: 346.2929pt x 241.90315pt.
<raw_files/figure-latex/unnamed-chunk-30-1.pdf, id=334, 345.29pt x 241.90375pt>

File: raw_files/figure-latex/unnamed-chunk-30-1.pdf Graphic file (type pdf)
<use raw_files/figure-latex/unnamed-chunk-30-1.pdf>
Package pdftex.def Info: raw_files/figure-latex/unnamed-chunk-30-1.pdf  used on
 input line 610.
(pdftex.def)             Requested size: 345.28914pt x 241.90315pt.
[18 <./raw_files/figure-latex/unnamed-chunk-29-1.pdf>]
<raw_files/figure-latex/unnamed-chunk-31-1.pdf, id=349, 346.29375pt x 241.90375
pt>
File: raw_files/figure-latex/unnamed-chunk-31-1.pdf Graphic file (type pdf)
<use raw_files/figure-latex/unnamed-chunk-31-1.pdf>
Package pdftex.def Info: raw_files/figure-latex/unnamed-chunk-31-1.pdf  used on
 input line 630.
(pdftex.def)             Requested size: 346.2929pt x 241.90315pt.
[19 <./raw_files/figure-latex/unnamed-chunk-30-1.pdf>]
<raw_files/figure-latex/unnamed-chunk-32-1.pdf, id=363, 346.29375pt x 241.90375
pt>
File: raw_files/figure-latex/unnamed-chunk-32-1.pdf Graphic file (type pdf)
<use raw_files/figure-latex/unnamed-chunk-32-1.pdf>
Package pdftex.def Info: raw_files/figure-latex/unnamed-chunk-32-1.pdf  used on
 input line 649.
(pdftex.def)             Requested size: 346.2929pt x 241.90315pt.
[20 <./raw_files/figure-latex/unnamed-chunk-31-1.pdf>]
<raw_files/figure-latex/unnamed-chunk-33-1.pdf, id=376, 315.1775pt x 207.77625p
t>
File: raw_files/figure-latex/unnamed-chunk-33-1.pdf Graphic file (type pdf)
<use raw_files/figure-latex/unnamed-chunk-33-1.pdf>
Package pdftex.def Info: raw_files/figure-latex/unnamed-chunk-33-1.pdf  used on
 input line 669.
(pdftex.def)             Requested size: 315.17673pt x 207.77573pt.
[21 <./raw_files/figure-latex/unnamed-chunk-32-1.pdf> <./raw_files/figure-latex
/unnamed-chunk-33-1.pdf>]
<raw_files/figure-latex/unnamed-chunk-34-1.pdf, id=393, 315.1775pt x 207.77625p
t>
File: raw_files/figure-latex/unnamed-chunk-34-1.pdf Graphic file (type pdf)
<use raw_files/figure-latex/unnamed-chunk-34-1.pdf>
Package pdftex.def Info: raw_files/figure-latex/unnamed-chunk-34-1.pdf  used on
 input line 692.
(pdftex.def)             Requested size: 315.17673pt x 207.77573pt.
<raw_files/figure-latex/unnamed-chunk-35-1.pdf, id=399, 315.1775pt x 207.77625p
t>
File: raw_files/figure-latex/unnamed-chunk-35-1.pdf Graphic file (type pdf)
<use raw_files/figure-latex/unnamed-chunk-35-1.pdf>
Package pdftex.def Info: raw_files/figure-latex/unnamed-chunk-35-1.pdf  used on
 input line 712.
(pdftex.def)             Requested size: 315.17673pt x 207.77573pt.
[22 <./raw_files/figure-latex/unnamed-chunk-34-1.pdf>]
<raw_files/figure-latex/unnamed-chunk-36-1.pdf, id=412, 315.1775pt x 207.77625p
t>
File: raw_files/figure-latex/unnamed-chunk-36-1.pdf Graphic file (type pdf)
<use raw_files/figure-latex/unnamed-chunk-36-1.pdf>
Package pdftex.def Info: raw_files/figure-latex/unnamed-chunk-36-1.pdf  used on
 input line 731.
(pdftex.def)             Requested size: 315.17673pt x 207.77573pt.

Underfull \hbox (badness 4316) in paragraph at lines 732--732
[]\OT1/lmr/m/n/10 (+20) Rysunek 30: []Wykres lo-so-wych reszt oraz ich ACF i PA
CF dla de-kom-po-zy-cji STL z par.
 []

[23 <./raw_files/figure-latex/unnamed-chunk-35-1.pdf> <./raw_files/figure-latex
/unnamed-chunk-36-1.pdf>] [24]
LaTeX Font Info:    Trying to load font information for OML+lmr on input line 8
79.
(/usr/local/texlive/2023/texmf-dist/tex/latex/lm/omllmr.fd
File: omllmr.fd 2015/05/01 v1.6.1 Font defs for Latin Modern
)
LaTeX Font Info:    Font shape `OML/lmr/m/n' in size <10> not available
(Font)              Font shape `OML/lmm/m/it' tried instead on input line 879.
<raw_files/figure-latex/SMA-1.pdf, id=443, 407.5225pt x 342.27875pt>
File: raw_files/figure-latex/SMA-1.pdf Graphic file (type pdf)
<use raw_files/figure-latex/SMA-1.pdf>
Package pdftex.def Info: raw_files/figure-latex/SMA-1.pdf  used on input line 8
98.
(pdftex.def)             Requested size: 407.5215pt x 342.2779pt.
[25]
<raw_files/figure-latex/BB-1.pdf, id=451, 407.5225pt x 342.27875pt>
File: raw_files/figure-latex/BB-1.pdf Graphic file (type pdf)
<use raw_files/figure-latex/BB-1.pdf>
Package pdftex.def Info: raw_files/figure-latex/BB-1.pdf  used on input line 92
0.
(pdftex.def)             Requested size: 407.5215pt x 342.2779pt.
[26 <./raw_files/figure-latex/SMA-1.pdf>]
<raw_files/figure-latex/macd-1.pdf, id=463, 414.54875pt x 354.32375pt>
File: raw_files/figure-latex/macd-1.pdf Graphic file (type pdf)
<use raw_files/figure-latex/macd-1.pdf>
Package pdftex.def Info: raw_files/figure-latex/macd-1.pdf  used on input line 
942.
(pdftex.def)             Requested size: 414.54773pt x 354.32288pt.
[27 <./raw_files/figure-latex/BB-1.pdf>]
<raw_files/figure-latex/RSI-1.pdf, id=475, 407.5225pt x 348.30125pt>
File: raw_files/figure-latex/RSI-1.pdf Graphic file (type pdf)
<use raw_files/figure-latex/RSI-1.pdf>
Package pdftex.def Info: raw_files/figure-latex/RSI-1.pdf  used on input line 9
66.
(pdftex.def)             Requested size: 407.5215pt x 348.3004pt.
[28 <./raw_files/figure-latex/macd-1.pdf>] [29 <./raw_files/figure-latex/RSI-1.
pdf>] [30] (./raw.aux)

LaTeX Warning: There were multiply-defined labels.

 ) 
Here is how much of TeX's memory you used:
 14386 strings out of 476025
 235913 string characters out of 5790017
 1863388 words of memory out of 5000000
 34346 multiletter control sequences out of 15000+600000
 574082 words of font info for 136 fonts, out of 8000000 for 9000
 1141 hyphenation exceptions out of 8191
 77i,7n,81p,1000b,595s stack positions out of 10000i,1000n,20000p,200000b,200000s
</usr/local/texlive/2023/texmf-dist/fonts/type1/public/lm/lmbx10.pfb></usr/lo
cal/texlive/2023/texmf-dist/fonts/type1/public/lm/lmbx12.pfb></usr/local/texliv
e/2023/texmf-dist/fonts/type1/public/lm/lmex10.pfb></usr/local/texlive/2023/tex
mf-dist/fonts/type1/public/lm/lmmi10.pfb></usr/local/texlive/2023/texmf-dist/fo
nts/type1/public/lm/lmmi5.pfb></usr/local/texlive/2023/texmf-dist/fonts/type1/p
ublic/lm/lmmi7.pfb></usr/local/texlive/2023/texmf-dist/fonts/type1/public/lm/lm
r10.pfb></usr/local/texlive/2023/texmf-dist/fonts/type1/public/lm/lmr12.pfb></u
sr/local/texlive/2023/texmf-dist/fonts/type1/public/lm/lmr17.pfb></usr/local/te
xlive/2023/texmf-dist/fonts/type1/public/lm/lmr5.pfb></usr/local/texlive/2023/t
exmf-dist/fonts/type1/public/lm/lmr7.pfb></usr/local/texlive/2023/texmf-dist/fo
nts/type1/public/lm/lmri10.pfb></usr/local/texlive/2023/texmf-dist/fonts/type1/
public/lm/lmsy10.pfb></usr/local/texlive/2023/texmf-dist/fonts/type1/public/lm/
lmsy7.pfb></usr/local/texlive/2023/texmf-dist/fonts/type1/public/lm/lmtt10.pfb>
Output written on raw.pdf (30 pages, 6229545 bytes).
PDF statistics:
 619 PDF objects out of 1000 (max. 8388607)
 448 compressed objects within 5 object streams
 90 named destinations out of 1000 (max. 500000)
 35051 words of extra memory for PDF output out of 35830 (max. 10000000)

